Arguments: 
  /usr/bin/node /usr/share/yarn/bin/yarn.js add bootstrap@4.4.1 jquery pooper.js

PATH: 
  /home/amit-dhoundiyal/.rvm/gems/ruby-3.2.2/bin:/home/amit-dhoundiyal/.rvm/gems/ruby-3.2.2@global/bin:/home/amit-dhoundiyal/.rvm/rubies/ruby-3.2.2/bin:/usr/local/sbin:/usr/local/bin:/usr/sbin:/usr/bin:/sbin:/bin:/usr/games:/usr/local/games:/snap/bin:/home/amit-dhoundiyal/.rvm/bin:/home/amit-dhoundiyal/.rvm/bin:/home/amit-dhoundiyal/.rvm/bin

Yarn version: 
  1.22.19

Node version: 
  18.17.1

Platform: 
  linux x64

Trace: 
  Error: https://registry.yarnpkg.com/pooper.js: Not found
      at params.callback [as _callback] (/usr/share/yarn/lib/cli.js:66145:18)
      at self.callback (/usr/share/yarn/lib/cli.js:140890:22)
      at Request.emit (node:events:514:28)
      at Request.<anonymous> (/usr/share/yarn/lib/cli.js:141862:10)
      at Request.emit (node:events:514:28)
      at IncomingMessage.<anonymous> (/usr/share/yarn/lib/cli.js:141784:12)
      at Object.onceWrapper (node:events:628:28)
      at IncomingMessage.emit (node:events:526:35)
      at endReadableNT (node:internal/streams/readable:1359:12)
      at process.processTicksAndRejections (node:internal/process/task_queues:82:21)

npm manifest: 
  No manifest

yarn manifest: 
  No manifest

Lockfile: 
  No lockfile
